2023-06-20 10:33:29.662 [restartedMain] INFO  mini.test.MiniTestApplication:51 - Starting MiniTestApplication using Java 17.0.7 with PID 4124 (C:\workspace\mini_test_version2\bin\main started by 82103 in C:\workspace\mini_test_version2)
2023-06-20 10:33:29.665 [restartedMain] DEBUG mini.test.MiniTestApplication:52 - Running with Spring Boot v3.0.7, Spring v6.0.9
2023-06-20 10:33:29.666 [restartedMain] INFO  mini.test.MiniTestApplication:632 - No active profile set, falling back to 1 default profile: "default"
2023-06-20 10:33:31.908 [restartedMain] INFO  mini.test.MiniTestApplication:57 - Started MiniTestApplication in 2.547 seconds (process running for 3.04)
2023-06-20 10:33:42.728 [http-nio-9993-exec-1] DEBUG mini.test.common.web.HomeController:15 - hello
2023-06-20 11:11:28.587 [restartedMain] INFO  mini.test.MiniTestApplication:51 - Starting MiniTestApplication using Java 17.0.7 with PID 18392 (C:\workspace\mini_test_version2\bin\main started by 82103 in C:\workspace\mini_test_version2)
2023-06-20 11:11:28.590 [restartedMain] DEBUG mini.test.MiniTestApplication:52 - Running with Spring Boot v3.0.7, Spring v6.0.9
2023-06-20 11:11:28.591 [restartedMain] INFO  mini.test.MiniTestApplication:632 - No active profile set, falling back to 1 default profile: "default"
2023-06-20 11:11:32.666 [restartedMain] INFO  mini.test.MiniTestApplication:57 - Started MiniTestApplication in 4.536 seconds (process running for 5.315)
2023-06-20 11:11:41.035 [http-nio-9993-exec-1] DEBUG mini.test.common.web.HomeController:15 - hello
2023-06-20 11:58:33.626 [http-nio-9993-exec-10] DEBUG mini.test.common.web.HomeController:15 - hello
2023-06-20 13:34:22.893 [http-nio-9993-exec-2] DEBUG mini.test.common.web.HomeController:15 - hello
2023-06-20 13:34:24.309 [http-nio-9993-exec-7] DEBUG mini.test.common.web.HomeController:15 - hello
2023-06-20 14:18:03.724 [restartedMain] INFO  mini.test.MiniTestApplication:51 - Starting MiniTestApplication using Java 17.0.7 with PID 18392 (C:\workspace\mini_test_version2\bin\main started by 82103 in C:\workspace\mini_test_version2)
2023-06-20 14:18:03.724 [restartedMain] DEBUG mini.test.MiniTestApplication:52 - Running with Spring Boot v3.0.7, Spring v6.0.9
2023-06-20 14:18:03.724 [restartedMain] INFO  mini.test.MiniTestApplication:632 - No active profile set, falling back to 1 default profile: "default"
2023-06-20 14:18:04.292 [restartedMain] INFO  mini.test.MiniTestApplication:57 - Started MiniTestApplication in 0.602 seconds (process running for 11196.941)
2023-06-20 14:18:25.670 [restartedMain] INFO  mini.test.MiniTestApplication:51 - Starting MiniTestApplication using Java 17.0.7 with PID 18392 (C:\workspace\mini_test_version2\bin\main started by 82103 in C:\workspace\mini_test_version2)
2023-06-20 14:18:25.671 [restartedMain] DEBUG mini.test.MiniTestApplication:52 - Running with Spring Boot v3.0.7, Spring v6.0.9
2023-06-20 14:18:25.672 [restartedMain] INFO  mini.test.MiniTestApplication:632 - No active profile set, falling back to 1 default profile: "default"
2023-06-20 14:18:26.126 [restartedMain] INFO  mini.test.MiniTestApplication:57 - Started MiniTestApplication in 0.483 seconds (process running for 11218.775)
2023-06-20 14:18:35.338 [restartedMain] INFO  mini.test.MiniTestApplication:51 - Starting MiniTestApplication using Java 17.0.7 with PID 18392 (C:\workspace\mini_test_version2\bin\main started by 82103 in C:\workspace\mini_test_version2)
2023-06-20 14:18:35.339 [restartedMain] DEBUG mini.test.MiniTestApplication:52 - Running with Spring Boot v3.0.7, Spring v6.0.9
2023-06-20 14:18:35.339 [restartedMain] INFO  mini.test.MiniTestApplication:632 - No active profile set, falling back to 1 default profile: "default"
2023-06-20 14:18:35.749 [restartedMain] INFO  mini.test.MiniTestApplication:57 - Started MiniTestApplication in 0.434 seconds (process running for 11228.398)
2023-06-20 14:19:26.256 [restartedMain] INFO  mini.test.MiniTestApplication:51 - Starting MiniTestApplication using Java 17.0.7 with PID 18392 (C:\workspace\mini_test_version2\bin\main started by 82103 in C:\workspace\mini_test_version2)
2023-06-20 14:19:26.256 [restartedMain] DEBUG mini.test.MiniTestApplication:52 - Running with Spring Boot v3.0.7, Spring v6.0.9
2023-06-20 14:19:26.257 [restartedMain] INFO  mini.test.MiniTestApplication:632 - No active profile set, falling back to 1 default profile: "default"
2023-06-20 14:19:26.668 [restartedMain] INFO  mini.test.MiniTestApplication:57 - Started MiniTestApplication in 0.44 seconds (process running for 11279.317)
2023-06-20 14:19:52.169 [http-nio-9993-exec-1] DEBUG mini.test.common.web.HomeController:15 - hello
2023-06-20 14:19:56.879 [http-nio-9993-exec-4] DEBUG mini.test.common.web.HomeController:15 - hello
2023-06-20 14:20:11.150 [restartedMain] INFO  mini.test.MiniTestApplication:51 - Starting MiniTestApplication using Java 17.0.7 with PID 18392 (C:\workspace\mini_test_version2\bin\main started by 82103 in C:\workspace\mini_test_version2)
2023-06-20 14:20:11.150 [restartedMain] DEBUG mini.test.MiniTestApplication:52 - Running with Spring Boot v3.0.7, Spring v6.0.9
2023-06-20 14:20:11.150 [restartedMain] INFO  mini.test.MiniTestApplication:632 - No active profile set, falling back to 1 default profile: "default"
2023-06-20 14:20:11.496 [restartedMain] INFO  mini.test.MiniTestApplication:57 - Started MiniTestApplication in 0.368 seconds (process running for 11324.145)
2023-06-20 14:21:18.934 [http-nio-9993-exec-1] DEBUG mini.test.common.web.HomeController:15 - hello
2023-06-20 14:53:27.118 [restartedMain] INFO  mini.test.MiniTestApplication:51 - Starting MiniTestApplication using Java 17.0.7 with PID 18392 (C:\workspace\mini_test_version2\bin\main started by 82103 in C:\workspace\mini_test_version2)
2023-06-20 14:53:27.118 [restartedMain] DEBUG mini.test.MiniTestApplication:52 - Running with Spring Boot v3.0.7, Spring v6.0.9
2023-06-20 14:53:27.118 [restartedMain] INFO  mini.test.MiniTestApplication:632 - No active profile set, falling back to 1 default profile: "default"
2023-06-20 14:53:27.593 [restartedMain] INFO  mini.test.MiniTestApplication:57 - Started MiniTestApplication in 0.518 seconds (process running for 13320.235)
2023-06-20 14:54:22.300 [http-nio-9993-exec-10] DEBUG mini.test.common.web.HomeController:15 - hello
2023-06-20 15:06:53.819 [restartedMain] INFO  mini.test.MiniTestApplication:51 - Starting MiniTestApplication using Java 17.0.7 with PID 18392 (C:\workspace\mini_test_version2\bin\main started by 82103 in C:\workspace\mini_test_version2)
2023-06-20 15:06:53.819 [restartedMain] DEBUG mini.test.MiniTestApplication:52 - Running with Spring Boot v3.0.7, Spring v6.0.9
2023-06-20 15:06:53.819 [restartedMain] INFO  mini.test.MiniTestApplication:632 - No active profile set, falling back to 1 default profile: "default"
2023-06-20 15:06:54.069 [restartedMain] INFO  mini.test.MiniTestApplication:57 - Started MiniTestApplication in 0.267 seconds (process running for 14126.71)
2023-06-20 15:08:15.774 [http-nio-9993-exec-4] DEBUG mini.test.common.web.HomeController:15 - hello
2023-06-20 15:12:28.933 [http-nio-9993-exec-2] DEBUG mini.test.common.web.HomeController:15 - hello
2023-06-20 15:12:32.519 [http-nio-9993-exec-1] DEBUG mini.test.common.web.HomeController:15 - hello
2023-06-20 15:12:35.451 [http-nio-9993-exec-7] DEBUG mini.test.common.web.HomeController:15 - hello
2023-06-20 15:12:39.956 [http-nio-9993-exec-3] DEBUG mini.test.common.web.HomeController:15 - hello
2023-06-20 15:12:44.953 [http-nio-9993-exec-4] DEBUG mini.test.common.web.HomeController:15 - hello
2023-06-20 15:13:08.836 [http-nio-9993-exec-6] DEBUG mini.test.common.web.HomeController:15 - hello
2023-06-20 15:14:27.679 [http-nio-9993-exec-3] DEBUG mini.test.common.web.HomeController:15 - hello
2023-06-20 15:14:27.686 [http-nio-9993-exec-3] ERROR org.thymeleaf.TemplateEngine:1141 - [THYMELEAF][http-nio-9993-exec-3] Exception processing template "/view/home": An error happened during template parsing (template: "class path resource [templates//view/home.html]")
org.thymeleaf.exceptions.TemplateInputException: An error happened during template parsing (template: "class path resource [templates//view/home.html]")
	at org.thymeleaf.templateparser.markup.AbstractMarkupTemplateParser.parse(AbstractMarkupTemplateParser.java:241)
	at org.thymeleaf.templateparser.markup.AbstractMarkupTemplateParser.parseStandalone(AbstractMarkupTemplateParser.java:100)
	at org.thymeleaf.engine.TemplateManager.parseAndProcess(TemplateManager.java:666)
	at org.thymeleaf.TemplateEngine.process(TemplateEngine.java:1103)
	at org.thymeleaf.TemplateEngine.process(TemplateEngine.java:1077)
	at org.thymeleaf.spring6.view.ThymeleafView.renderFragment(ThymeleafView.java:372)
	at org.thymeleaf.spring6.view.ThymeleafView.render(ThymeleafView.java:192)
	at org.springframework.web.servlet.DispatcherServlet.render(DispatcherServlet.java:1415)
	at org.springframework.web.servlet.DispatcherServlet.processDispatchResult(DispatcherServlet.java:1159)
	at org.springframework.web.servlet.DispatcherServlet.doDispatch(DispatcherServlet.java:1098)
	at org.springframework.web.servlet.DispatcherServlet.doService(DispatcherServlet.java:974)
	at org.springframework.web.servlet.FrameworkServlet.processRequest(FrameworkServlet.java:1011)
	at org.springframework.web.servlet.FrameworkServlet.doGet(FrameworkServlet.java:903)
	at jakarta.servlet.http.HttpServlet.service(HttpServlet.java:564)
	at org.springframework.web.servlet.FrameworkServlet.service(FrameworkServlet.java:885)
	at jakarta.servlet.http.HttpServlet.service(HttpServlet.java:658)
	at org.apache.catalina.core.ApplicationFilterChain.internalDoFilter(ApplicationFilterChain.java:205)
	at org.apache.catalina.core.ApplicationFilterChain.doFilter(ApplicationFilterChain.java:149)
	at org.apache.tomcat.websocket.server.WsFilter.doFilter(WsFilter.java:51)
	at org.apache.catalina.core.ApplicationFilterChain.internalDoFilter(ApplicationFilterChain.java:174)
	at org.apache.catalina.core.ApplicationFilterChain.doFilter(ApplicationFilterChain.java:149)
	at org.springframework.web.filter.RequestContextFilter.doFilterInternal(RequestContextFilter.java:100)
	at org.springframework.web.filter.OncePerRequestFilter.doFilter(OncePerRequestFilter.java:116)
	at org.apache.catalina.core.ApplicationFilterChain.internalDoFilter(ApplicationFilterChain.java:174)
	at org.apache.catalina.core.ApplicationFilterChain.doFilter(ApplicationFilterChain.java:149)
	at org.springframework.web.filter.FormContentFilter.doFilterInternal(FormContentFilter.java:93)
	at org.springframework.web.filter.OncePerRequestFilter.doFilter(OncePerRequestFilter.java:116)
	at org.apache.catalina.core.ApplicationFilterChain.internalDoFilter(ApplicationFilterChain.java:174)
	at org.apache.catalina.core.ApplicationFilterChain.doFilter(ApplicationFilterChain.java:149)
	at org.springframework.web.filter.CharacterEncodingFilter.doFilterInternal(CharacterEncodingFilter.java:201)
	at org.springframework.web.filter.OncePerRequestFilter.doFilter(OncePerRequestFilter.java:116)
	at org.apache.catalina.core.ApplicationFilterChain.internalDoFilter(ApplicationFilterChain.java:174)
	at org.apache.catalina.core.ApplicationFilterChain.doFilter(ApplicationFilterChain.java:149)
	at org.apache.catalina.core.StandardWrapperValve.invoke(StandardWrapperValve.java:166)
	at org.apache.catalina.core.StandardContextValve.invoke(StandardContextValve.java:90)
	at org.apache.catalina.authenticator.AuthenticatorBase.invoke(AuthenticatorBase.java:482)
	at org.apache.catalina.core.StandardHostValve.invoke(StandardHostValve.java:115)
	at org.apache.catalina.valves.ErrorReportValve.invoke(ErrorReportValve.java:93)
	at org.apache.catalina.core.StandardEngineValve.invoke(StandardEngineValve.java:74)
	at org.apache.catalina.connector.CoyoteAdapter.service(CoyoteAdapter.java:341)
	at org.apache.coyote.http11.Http11Processor.service(Http11Processor.java:390)
	at org.apache.coyote.AbstractProcessorLight.process(AbstractProcessorLight.java:63)
	at org.apache.coyote.AbstractProtocol$ConnectionHandler.process(AbstractProtocol.java:894)
	at org.apache.tomcat.util.net.NioEndpoint$SocketProcessor.doRun(NioEndpoint.java:1741)
	at org.apache.tomcat.util.net.SocketProcessorBase.run(SocketProcessorBase.java:52)
	at org.apache.tomcat.util.threads.ThreadPoolExecutor.runWorker(ThreadPoolExecutor.java:1191)
	at org.apache.tomcat.util.threads.ThreadPoolExecutor$Worker.run(ThreadPoolExecutor.java:659)
	at org.apache.tomcat.util.threads.TaskThread$WrappingRunnable.run(TaskThread.java:61)
	at java.base/java.lang.Thread.run(Thread.java:833)
Caused by: org.attoparser.ParseException: Error resolving template [layouts/layout], template might not exist or might not be accessible by any of the configured Template Resolvers (template: "/view/home" - line 5, col 7)
	at org.attoparser.MarkupParser.parseDocument(MarkupParser.java:393)
	at org.attoparser.MarkupParser.parse(MarkupParser.java:257)
	at org.thymeleaf.templateparser.markup.AbstractMarkupTemplateParser.parse(AbstractMarkupTemplateParser.java:230)
	... 48 common frames omitted
Caused by: org.thymeleaf.exceptions.TemplateInputException: Error resolving template [layouts/layout], template might not exist or might not be accessible by any of the configured Template Resolvers (template: "/view/home" - line 5, col 7)
	at org.thymeleaf.engine.TemplateManager.resolveTemplate(TemplateManager.java:869)
	at org.thymeleaf.engine.TemplateManager.parseStandalone(TemplateManager.java:250)
	at org.thymeleaf.engine.TemplateManager$parseStandalone.call(Unknown Source)
	at nz.net.ultraq.thymeleaf.layoutdialect.models.TemplateModelFinder.find(TemplateModelFinder.groovy:50)
	at nz.net.ultraq.thymeleaf.layoutdialect.models.TemplateModelFinder.find(TemplateModelFinder.groovy)
	at jdk.internal.reflect.GeneratedMethodAccessor164.invoke(Unknown Source)
	at java.base/jdk.internal.reflect.DelegatingMethodAccessorImpl.invoke(DelegatingMethodAccessorImpl.java:43)
	at java.base/java.lang.reflect.Method.invoke(Method.java:568)
	at org.codehaus.groovy.runtime.callsite.PlainObjectMetaMethodSite.doInvoke(PlainObjectMetaMethodSite.java:43)
	at org.codehaus.groovy.runtime.callsite.PogoMetaMethodSite$PogoCachedMethodSiteNoUnwrapNoCoerce.invoke(PogoMetaMethodSite.java:198)
	at org.codehaus.groovy.runtime.callsite.PogoMetaMethodSite.callCurrent(PogoMetaMethodSite.java:62)
	at org.codehaus.groovy.runtime.callsite.AbstractCallSite.callCurrent(AbstractCallSite.java:185)
	at nz.net.ultraq.thymeleaf.layoutdialect.models.TemplateModelFinder.findTemplate(TemplateModelFinder.groovy:105)
	at nz.net.ultraq.thymeleaf.layoutdialect.models.TemplateModelFinder$findTemplate$0.call(Unknown Source)
	at nz.net.ultraq.thymeleaf.layoutdialect.decorators.DecorateProcessor.doProcess(DecorateProcessor.groovy:116)
	at org.thymeleaf.processor.element.AbstractAttributeModelProcessor.doProcess(AbstractAttributeModelProcessor.java:77)
	at org.thymeleaf.processor.element.AbstractElementModelProcessor.process(AbstractElementModelProcessor.java:98)
	at org.thymeleaf.util.ProcessorConfigurationUtils$ElementModelProcessorWrapper.process(ProcessorConfigurationUtils.java:649)
	at org.thymeleaf.engine.ProcessorTemplateHandler.handleOpenElement(ProcessorTemplateHandler.java:1510)
	at org.thymeleaf.engine.OpenElementTag.beHandled(OpenElementTag.java:205)
	at org.thymeleaf.engine.Model.process(Model.java:282)
	at org.thymeleaf.engine.Model.process(Model.java:290)
	at org.thymeleaf.engine.GatheringModelProcessable.process(GatheringModelProcessable.java:78)
	at org.thymeleaf.engine.ProcessorTemplateHandler.handleCloseElement(ProcessorTemplateHandler.java:1640)
	at org.thymeleaf.engine.TemplateHandlerAdapterMarkupHandler.handleCloseElementEnd(TemplateHandlerAdapterMarkupHandler.java:388)
	at org.thymeleaf.templateparser.markup.InlinedOutputExpressionMarkupHandler$InlineMarkupAdapterPreProcessorHandler.handleCloseElementEnd(InlinedOutputExpressionMarkupHandler.java:322)
	at org.thymeleaf.standard.inline.OutputExpressionInlinePreProcessorHandler.handleCloseElementEnd(OutputExpressionInlinePreProcessorHandler.java:220)
	at org.thymeleaf.templateparser.markup.InlinedOutputExpressionMarkupHandler.handleCloseElementEnd(InlinedOutputExpressionMarkupHandler.java:164)
	at org.attoparser.HtmlElement.handleCloseElementEnd(HtmlElement.java:169)
	at org.attoparser.HtmlMarkupHandler.handleCloseElementEnd(HtmlMarkupHandler.java:412)
	at org.attoparser.MarkupEventProcessorHandler.handleCloseElementEnd(MarkupEventProcessorHandler.java:473)
	at org.attoparser.ParsingElementMarkupUtil.parseCloseElement(ParsingElementMarkupUtil.java:201)
	at org.attoparser.MarkupParser.parseBuffer(MarkupParser.java:725)
	at org.attoparser.MarkupParser.parseDocument(MarkupParser.java:301)
	... 50 common frames omitted
2023-06-20 15:14:27.695 [http-nio-9993-exec-3] ERROR o.a.c.c.C.[.[.[.[dispatcherServlet]:175 - Servlet.service() for servlet [dispatcherServlet] in context with path [] threw exception [Request processing failed: org.thymeleaf.exceptions.TemplateInputException: An error happened during template parsing (template: "class path resource [templates//view/home.html]")] with root cause
org.thymeleaf.exceptions.TemplateInputException: Error resolving template [layouts/layout], template might not exist or might not be accessible by any of the configured Template Resolvers (template: "/view/home" - line 5, col 7)
	at org.thymeleaf.engine.TemplateManager.resolveTemplate(TemplateManager.java:869)
	at org.thymeleaf.engine.TemplateManager.parseStandalone(TemplateManager.java:250)
	at org.thymeleaf.engine.TemplateManager$parseStandalone.call(Unknown Source)
	at nz.net.ultraq.thymeleaf.layoutdialect.models.TemplateModelFinder.find(TemplateModelFinder.groovy:50)
	at nz.net.ultraq.thymeleaf.layoutdialect.models.TemplateModelFinder.find(TemplateModelFinder.groovy)
	at jdk.internal.reflect.GeneratedMethodAccessor164.invoke(Unknown Source)
	at java.base/jdk.internal.reflect.DelegatingMethodAccessorImpl.invoke(DelegatingMethodAccessorImpl.java:43)
	at java.base/java.lang.reflect.Method.invoke(Method.java:568)
	at org.codehaus.groovy.runtime.callsite.PlainObjectMetaMethodSite.doInvoke(PlainObjectMetaMethodSite.java:43)
	at org.codehaus.groovy.runtime.callsite.PogoMetaMethodSite$PogoCachedMethodSiteNoUnwrapNoCoerce.invoke(PogoMetaMethodSite.java:198)
	at org.codehaus.groovy.runtime.callsite.PogoMetaMethodSite.callCurrent(PogoMetaMethodSite.java:62)
	at org.codehaus.groovy.runtime.callsite.AbstractCallSite.callCurrent(AbstractCallSite.java:185)
	at nz.net.ultraq.thymeleaf.layoutdialect.models.TemplateModelFinder.findTemplate(TemplateModelFinder.groovy:105)
	at nz.net.ultraq.thymeleaf.layoutdialect.models.TemplateModelFinder$findTemplate$0.call(Unknown Source)
	at nz.net.ultraq.thymeleaf.layoutdialect.decorators.DecorateProcessor.doProcess(DecorateProcessor.groovy:116)
	at org.thymeleaf.processor.element.AbstractAttributeModelProcessor.doProcess(AbstractAttributeModelProcessor.java:77)
	at org.thymeleaf.processor.element.AbstractElementModelProcessor.process(AbstractElementModelProcessor.java:98)
	at org.thymeleaf.util.ProcessorConfigurationUtils$ElementModelProcessorWrapper.process(ProcessorConfigurationUtils.java:649)
	at org.thymeleaf.engine.ProcessorTemplateHandler.handleOpenElement(ProcessorTemplateHandler.java:1510)
	at org.thymeleaf.engine.OpenElementTag.beHandled(OpenElementTag.java:205)
	at org.thymeleaf.engine.Model.process(Model.java:282)
	at org.thymeleaf.engine.Model.process(Model.java:290)
	at org.thymeleaf.engine.GatheringModelProcessable.process(GatheringModelProcessable.java:78)
	at org.thymeleaf.engine.ProcessorTemplateHandler.handleCloseElement(ProcessorTemplateHandler.java:1640)
	at org.thymeleaf.engine.TemplateHandlerAdapterMarkupHandler.handleCloseElementEnd(TemplateHandlerAdapterMarkupHandler.java:388)
	at org.thymeleaf.templateparser.markup.InlinedOutputExpressionMarkupHandler$InlineMarkupAdapterPreProcessorHandler.handleCloseElementEnd(InlinedOutputExpressionMarkupHandler.java:322)
	at org.thymeleaf.standard.inline.OutputExpressionInlinePreProcessorHandler.handleCloseElementEnd(OutputExpressionInlinePreProcessorHandler.java:220)
	at org.thymeleaf.templateparser.markup.InlinedOutputExpressionMarkupHandler.handleCloseElementEnd(InlinedOutputExpressionMarkupHandler.java:164)
	at org.attoparser.HtmlElement.handleCloseElementEnd(HtmlElement.java:169)
	at org.attoparser.HtmlMarkupHandler.handleCloseElementEnd(HtmlMarkupHandler.java:412)
	at org.attoparser.MarkupEventProcessorHandler.handleCloseElementEnd(MarkupEventProcessorHandler.java:473)
	at org.attoparser.ParsingElementMarkupUtil.parseCloseElement(ParsingElementMarkupUtil.java:201)
	at org.attoparser.MarkupParser.parseBuffer(MarkupParser.java:725)
	at org.attoparser.MarkupParser.parseDocument(MarkupParser.java:301)
	at org.attoparser.MarkupParser.parse(MarkupParser.java:257)
	at org.thymeleaf.templateparser.markup.AbstractMarkupTemplateParser.parse(AbstractMarkupTemplateParser.java:230)
	at org.thymeleaf.templateparser.markup.AbstractMarkupTemplateParser.parseStandalone(AbstractMarkupTemplateParser.java:100)
	at org.thymeleaf.engine.TemplateManager.parseAndProcess(TemplateManager.java:666)
	at org.thymeleaf.TemplateEngine.process(TemplateEngine.java:1103)
	at org.thymeleaf.TemplateEngine.process(TemplateEngine.java:1077)
	at org.thymeleaf.spring6.view.ThymeleafView.renderFragment(ThymeleafView.java:372)
	at org.thymeleaf.spring6.view.ThymeleafView.render(ThymeleafView.java:192)
	at org.springframework.web.servlet.DispatcherServlet.render(DispatcherServlet.java:1415)
	at org.springframework.web.servlet.DispatcherServlet.processDispatchResult(DispatcherServlet.java:1159)
	at org.springframework.web.servlet.DispatcherServlet.doDispatch(DispatcherServlet.java:1098)
	at org.springframework.web.servlet.DispatcherServlet.doService(DispatcherServlet.java:974)
	at org.springframework.web.servlet.FrameworkServlet.processRequest(FrameworkServlet.java:1011)
	at org.springframework.web.servlet.FrameworkServlet.doGet(FrameworkServlet.java:903)
	at jakarta.servlet.http.HttpServlet.service(HttpServlet.java:564)
	at org.springframework.web.servlet.FrameworkServlet.service(FrameworkServlet.java:885)
	at jakarta.servlet.http.HttpServlet.service(HttpServlet.java:658)
	at org.apache.catalina.core.ApplicationFilterChain.internalDoFilter(ApplicationFilterChain.java:205)
	at org.apache.catalina.core.ApplicationFilterChain.doFilter(ApplicationFilterChain.java:149)
	at org.apache.tomcat.websocket.server.WsFilter.doFilter(WsFilter.java:51)
	at org.apache.catalina.core.ApplicationFilterChain.internalDoFilter(ApplicationFilterChain.java:174)
	at org.apache.catalina.core.ApplicationFilterChain.doFilter(ApplicationFilterChain.java:149)
	at org.springframework.web.filter.RequestContextFilter.doFilterInternal(RequestContextFilter.java:100)
	at org.springframework.web.filter.OncePerRequestFilter.doFilter(OncePerRequestFilter.java:116)
	at org.apache.catalina.core.ApplicationFilterChain.internalDoFilter(ApplicationFilterChain.java:174)
	at org.apache.catalina.core.ApplicationFilterChain.doFilter(ApplicationFilterChain.java:149)
	at org.springframework.web.filter.FormContentFilter.doFilterInternal(FormContentFilter.java:93)
	at org.springframework.web.filter.OncePerRequestFilter.doFilter(OncePerRequestFilter.java:116)
	at org.apache.catalina.core.ApplicationFilterChain.internalDoFilter(ApplicationFilterChain.java:174)
	at org.apache.catalina.core.ApplicationFilterChain.doFilter(ApplicationFilterChain.java:149)
	at org.springframework.web.filter.CharacterEncodingFilter.doFilterInternal(CharacterEncodingFilter.java:201)
	at org.springframework.web.filter.OncePerRequestFilter.doFilter(OncePerRequestFilter.java:116)
	at org.apache.catalina.core.ApplicationFilterChain.internalDoFilter(ApplicationFilterChain.java:174)
	at org.apache.catalina.core.ApplicationFilterChain.doFilter(ApplicationFilterChain.java:149)
	at org.apache.catalina.core.StandardWrapperValve.invoke(StandardWrapperValve.java:166)
	at org.apache.catalina.core.StandardContextValve.invoke(StandardContextValve.java:90)
	at org.apache.catalina.authenticator.AuthenticatorBase.invoke(AuthenticatorBase.java:482)
	at org.apache.catalina.core.StandardHostValve.invoke(StandardHostValve.java:115)
	at org.apache.catalina.valves.ErrorReportValve.invoke(ErrorReportValve.java:93)
	at org.apache.catalina.core.StandardEngineValve.invoke(StandardEngineValve.java:74)
	at org.apache.catalina.connector.CoyoteAdapter.service(CoyoteAdapter.java:341)
	at org.apache.coyote.http11.Http11Processor.service(Http11Processor.java:390)
	at org.apache.coyote.AbstractProcessorLight.process(AbstractProcessorLight.java:63)
	at org.apache.coyote.AbstractProtocol$ConnectionHandler.process(AbstractProtocol.java:894)
	at org.apache.tomcat.util.net.NioEndpoint$SocketProcessor.doRun(NioEndpoint.java:1741)
	at org.apache.tomcat.util.net.SocketProcessorBase.run(SocketProcessorBase.java:52)
	at org.apache.tomcat.util.threads.ThreadPoolExecutor.runWorker(ThreadPoolExecutor.java:1191)
	at org.apache.tomcat.util.threads.ThreadPoolExecutor$Worker.run(ThreadPoolExecutor.java:659)
	at org.apache.tomcat.util.threads.TaskThread$WrappingRunnable.run(TaskThread.java:61)
	at java.base/java.lang.Thread.run(Thread.java:833)
2023-06-20 15:18:37.422 [http-nio-9993-exec-4] DEBUG mini.test.common.web.HomeController:15 - hello
2023-06-20 15:18:40.612 [http-nio-9993-exec-7] DEBUG mini.test.common.web.HomeController:15 - hello
2023-06-20 15:18:44.888 [http-nio-9993-exec-6] DEBUG mini.test.common.web.HomeController:15 - hello
2023-06-20 15:19:07.373 [restartedMain] INFO  mini.test.MiniTestApplication:51 - Starting MiniTestApplication using Java 17.0.7 with PID 18392 (C:\workspace\mini_test_version2\bin\main started by 82103 in C:\workspace\mini_test_version2)
2023-06-20 15:19:07.373 [restartedMain] DEBUG mini.test.MiniTestApplication:52 - Running with Spring Boot v3.0.7, Spring v6.0.9
2023-06-20 15:19:07.374 [restartedMain] INFO  mini.test.MiniTestApplication:632 - No active profile set, falling back to 1 default profile: "default"
2023-06-20 15:19:07.619 [restartedMain] INFO  mini.test.MiniTestApplication:57 - Started MiniTestApplication in 0.263 seconds (process running for 14860.261)
2023-06-20 15:19:16.868 [http-nio-9993-exec-1] DEBUG mini.test.common.web.HomeController:15 - hello
2023-06-20 15:19:36.634 [http-nio-9993-exec-2] DEBUG mini.test.common.web.HomeController:15 - hello
2023-06-20 15:21:53.390 [http-nio-9993-exec-3] DEBUG mini.test.common.web.HomeController:15 - hello
2023-06-20 15:21:57.373 [http-nio-9993-exec-9] DEBUG mini.test.common.web.HomeController:15 - hello
2023-06-20 15:22:00.820 [http-nio-9993-exec-5] DEBUG mini.test.common.web.HomeController:15 - hello
2023-06-20 15:22:32.810 [http-nio-9993-exec-10] DEBUG mini.test.common.web.HomeController:15 - hello
2023-06-20 15:26:12.151 [http-nio-9993-exec-9] DEBUG mini.test.common.web.HomeController:15 - hello
2023-06-20 15:27:19.390 [http-nio-9993-exec-3] DEBUG mini.test.common.web.HomeController:15 - hello
2023-06-20 15:27:55.126 [http-nio-9993-exec-3] DEBUG mini.test.common.web.HomeController:15 - hello
2023-06-20 15:29:45.972 [restartedMain] INFO  mini.test.MiniTestApplication:51 - Starting MiniTestApplication using Java 17.0.7 with PID 18392 (C:\workspace\mini_test_version2\bin\main started by 82103 in C:\workspace\mini_test_version2)
2023-06-20 15:29:45.972 [restartedMain] DEBUG mini.test.MiniTestApplication:52 - Running with Spring Boot v3.0.7, Spring v6.0.9
2023-06-20 15:29:45.972 [restartedMain] INFO  mini.test.MiniTestApplication:632 - No active profile set, falling back to 1 default profile: "default"
2023-06-20 15:29:46.226 [restartedMain] INFO  mini.test.MiniTestApplication:57 - Started MiniTestApplication in 0.27 seconds (process running for 15498.867)
2023-06-20 15:31:20.875 [http-nio-9993-exec-1] DEBUG mini.test.common.web.HomeController:15 - hello
2023-06-20 15:37:48.956 [http-nio-9993-exec-6] DEBUG mini.test.common.web.HomeController:15 - hello
2023-06-20 15:37:48.962 [http-nio-9993-exec-6] ERROR org.thymeleaf.TemplateEngine:1141 - [THYMELEAF][http-nio-9993-exec-6] Exception processing template "/view/home": An error happened during template parsing (template: "class path resource [templates//view/home.html]")
org.thymeleaf.exceptions.TemplateInputException: An error happened during template parsing (template: "class path resource [templates//view/home.html]")
	at org.thymeleaf.templateparser.markup.AbstractMarkupTemplateParser.parse(AbstractMarkupTemplateParser.java:241)
	at org.thymeleaf.templateparser.markup.AbstractMarkupTemplateParser.parseStandalone(AbstractMarkupTemplateParser.java:100)
	at org.thymeleaf.engine.TemplateManager.parseAndProcess(TemplateManager.java:666)
	at org.thymeleaf.TemplateEngine.process(TemplateEngine.java:1103)
	at org.thymeleaf.TemplateEngine.process(TemplateEngine.java:1077)
	at org.thymeleaf.spring6.view.ThymeleafView.renderFragment(ThymeleafView.java:372)
	at org.thymeleaf.spring6.view.ThymeleafView.render(ThymeleafView.java:192)
	at org.springframework.web.servlet.DispatcherServlet.render(DispatcherServlet.java:1415)
	at org.springframework.web.servlet.DispatcherServlet.processDispatchResult(DispatcherServlet.java:1159)
	at org.springframework.web.servlet.DispatcherServlet.doDispatch(DispatcherServlet.java:1098)
	at org.springframework.web.servlet.DispatcherServlet.doService(DispatcherServlet.java:974)
	at org.springframework.web.servlet.FrameworkServlet.processRequest(FrameworkServlet.java:1011)
	at org.springframework.web.servlet.FrameworkServlet.doGet(FrameworkServlet.java:903)
	at jakarta.servlet.http.HttpServlet.service(HttpServlet.java:564)
	at org.springframework.web.servlet.FrameworkServlet.service(FrameworkServlet.java:885)
	at jakarta.servlet.http.HttpServlet.service(HttpServlet.java:658)
	at org.apache.catalina.core.ApplicationFilterChain.internalDoFilter(ApplicationFilterChain.java:205)
	at org.apache.catalina.core.ApplicationFilterChain.doFilter(ApplicationFilterChain.java:149)
	at org.apache.tomcat.websocket.server.WsFilter.doFilter(WsFilter.java:51)
	at org.apache.catalina.core.ApplicationFilterChain.internalDoFilter(ApplicationFilterChain.java:174)
	at org.apache.catalina.core.ApplicationFilterChain.doFilter(ApplicationFilterChain.java:149)
	at org.springframework.web.filter.RequestContextFilter.doFilterInternal(RequestContextFilter.java:100)
	at org.springframework.web.filter.OncePerRequestFilter.doFilter(OncePerRequestFilter.java:116)
	at org.apache.catalina.core.ApplicationFilterChain.internalDoFilter(ApplicationFilterChain.java:174)
	at org.apache.catalina.core.ApplicationFilterChain.doFilter(ApplicationFilterChain.java:149)
	at org.springframework.web.filter.FormContentFilter.doFilterInternal(FormContentFilter.java:93)
	at org.springframework.web.filter.OncePerRequestFilter.doFilter(OncePerRequestFilter.java:116)
	at org.apache.catalina.core.ApplicationFilterChain.internalDoFilter(ApplicationFilterChain.java:174)
	at org.apache.catalina.core.ApplicationFilterChain.doFilter(ApplicationFilterChain.java:149)
	at org.springframework.web.filter.CharacterEncodingFilter.doFilterInternal(CharacterEncodingFilter.java:201)
	at org.springframework.web.filter.OncePerRequestFilter.doFilter(OncePerRequestFilter.java:116)
	at org.apache.catalina.core.ApplicationFilterChain.internalDoFilter(ApplicationFilterChain.java:174)
	at org.apache.catalina.core.ApplicationFilterChain.doFilter(ApplicationFilterChain.java:149)
	at org.apache.catalina.core.StandardWrapperValve.invoke(StandardWrapperValve.java:166)
	at org.apache.catalina.core.StandardContextValve.invoke(StandardContextValve.java:90)
	at org.apache.catalina.authenticator.AuthenticatorBase.invoke(AuthenticatorBase.java:482)
	at org.apache.catalina.core.StandardHostValve.invoke(StandardHostValve.java:115)
	at org.apache.catalina.valves.ErrorReportValve.invoke(ErrorReportValve.java:93)
	at org.apache.catalina.core.StandardEngineValve.invoke(StandardEngineValve.java:74)
	at org.apache.catalina.connector.CoyoteAdapter.service(CoyoteAdapter.java:341)
	at org.apache.coyote.http11.Http11Processor.service(Http11Processor.java:390)
	at org.apache.coyote.AbstractProcessorLight.process(AbstractProcessorLight.java:63)
	at org.apache.coyote.AbstractProtocol$ConnectionHandler.process(AbstractProtocol.java:894)
	at org.apache.tomcat.util.net.NioEndpoint$SocketProcessor.doRun(NioEndpoint.java:1741)
	at org.apache.tomcat.util.net.SocketProcessorBase.run(SocketProcessorBase.java:52)
	at org.apache.tomcat.util.threads.ThreadPoolExecutor.runWorker(ThreadPoolExecutor.java:1191)
	at org.apache.tomcat.util.threads.ThreadPoolExecutor$Worker.run(ThreadPoolExecutor.java:659)
	at org.apache.tomcat.util.threads.TaskThread$WrappingRunnable.run(TaskThread.java:61)
	at java.base/java.lang.Thread.run(Thread.java:833)
Caused by: org.attoparser.ParseException: Error resolving fragment: "~{'/fragments/footer' :: footer}": template or fragment could not be resolved (template: "layouts/default-layout" - line 16, col 13)
	at org.attoparser.MarkupParser.parseDocument(MarkupParser.java:393)
	at org.attoparser.MarkupParser.parse(MarkupParser.java:257)
	at org.thymeleaf.templateparser.markup.AbstractMarkupTemplateParser.parse(AbstractMarkupTemplateParser.java:230)
	... 48 common frames omitted
Caused by: org.thymeleaf.exceptions.TemplateInputException: Error resolving fragment: "~{'/fragments/footer' :: footer}": template or fragment could not be resolved (template: "layouts/default-layout" - line 16, col 13)
	at org.thymeleaf.standard.expression.FragmentExpression.resolveExecutedFragmentExpression(FragmentExpression.java:598)
	at org.thymeleaf.standard.processor.AbstractStandardFragmentInsertionTagProcessor.computeFragment(AbstractStandardFragmentInsertionTagProcessor.java:399)
	at org.thymeleaf.standard.processor.AbstractStandardFragmentInsertionTagProcessor.doProcess(AbstractStandardFragmentInsertionTagProcessor.java:115)
	at org.thymeleaf.processor.element.AbstractAttributeTagProcessor.doProcess(AbstractAttributeTagProcessor.java:74)
	at org.thymeleaf.processor.element.AbstractElementTagProcessor.process(AbstractElementTagProcessor.java:95)
	at org.thymeleaf.util.ProcessorConfigurationUtils$ElementTagProcessorWrapper.process(ProcessorConfigurationUtils.java:633)
	at org.thymeleaf.engine.ProcessorTemplateHandler.handleOpenElement(ProcessorTemplateHandler.java:1314)
	at org.thymeleaf.engine.OpenElementTag.beHandled(OpenElementTag.java:205)
	at org.thymeleaf.engine.Model.process(Model.java:282)
	at org.thymeleaf.engine.ProcessorTemplateHandler.handleOpenElement(ProcessorTemplateHandler.java:1587)
	at org.thymeleaf.engine.OpenElementTag.beHandled(OpenElementTag.java:205)
	at org.thymeleaf.engine.Model.process(Model.java:282)
	at org.thymeleaf.engine.Model.process(Model.java:290)
	at org.thymeleaf.engine.GatheringModelProcessable.process(GatheringModelProcessable.java:78)
	at org.thymeleaf.engine.ProcessorTemplateHandler.handleCloseElement(ProcessorTemplateHandler.java:1640)
	at org.thymeleaf.engine.TemplateHandlerAdapterMarkupHandler.handleCloseElementEnd(TemplateHandlerAdapterMarkupHandler.java:388)
	at org.thymeleaf.templateparser.markup.InlinedOutputExpressionMarkupHandler$InlineMarkupAdapterPreProcessorHandler.handleCloseElementEnd(InlinedOutputExpressionMarkupHandler.java:322)
	at org.thymeleaf.standard.inline.OutputExpressionInlinePreProcessorHandler.handleCloseElementEnd(OutputExpressionInlinePreProcessorHandler.java:220)
	at org.thymeleaf.templateparser.markup.InlinedOutputExpressionMarkupHandler.handleCloseElementEnd(InlinedOutputExpressionMarkupHandler.java:164)
	at org.attoparser.HtmlElement.handleCloseElementEnd(HtmlElement.java:169)
	at org.attoparser.HtmlMarkupHandler.handleCloseElementEnd(HtmlMarkupHandler.java:412)
	at org.attoparser.MarkupEventProcessorHandler.handleCloseElementEnd(MarkupEventProcessorHandler.java:473)
	at org.attoparser.ParsingElementMarkupUtil.parseCloseElement(ParsingElementMarkupUtil.java:201)
	at org.attoparser.MarkupParser.parseBuffer(MarkupParser.java:725)
	at org.attoparser.MarkupParser.parseDocument(MarkupParser.java:301)
	... 50 common frames omitted
2023-06-20 15:37:48.963 [http-nio-9993-exec-6] ERROR o.a.c.c.C.[.[.[.[dispatcherServlet]:175 - Servlet.service() for servlet [dispatcherServlet] in context with path [] threw exception [Request processing failed: org.thymeleaf.exceptions.TemplateInputException: An error happened during template parsing (template: "class path resource [templates//view/home.html]")] with root cause
org.thymeleaf.exceptions.TemplateInputException: Error resolving fragment: "~{'/fragments/footer' :: footer}": template or fragment could not be resolved (template: "layouts/default-layout" - line 16, col 13)
	at org.thymeleaf.standard.expression.FragmentExpression.resolveExecutedFragmentExpression(FragmentExpression.java:598)
	at org.thymeleaf.standard.processor.AbstractStandardFragmentInsertionTagProcessor.computeFragment(AbstractStandardFragmentInsertionTagProcessor.java:399)
	at org.thymeleaf.standard.processor.AbstractStandardFragmentInsertionTagProcessor.doProcess(AbstractStandardFragmentInsertionTagProcessor.java:115)
	at org.thymeleaf.processor.element.AbstractAttributeTagProcessor.doProcess(AbstractAttributeTagProcessor.java:74)
	at org.thymeleaf.processor.element.AbstractElementTagProcessor.process(AbstractElementTagProcessor.java:95)
	at org.thymeleaf.util.ProcessorConfigurationUtils$ElementTagProcessorWrapper.process(ProcessorConfigurationUtils.java:633)
	at org.thymeleaf.engine.ProcessorTemplateHandler.handleOpenElement(ProcessorTemplateHandler.java:1314)
	at org.thymeleaf.engine.OpenElementTag.beHandled(OpenElementTag.java:205)
	at org.thymeleaf.engine.Model.process(Model.java:282)
	at org.thymeleaf.engine.ProcessorTemplateHandler.handleOpenElement(ProcessorTemplateHandler.java:1587)
	at org.thymeleaf.engine.OpenElementTag.beHandled(OpenElementTag.java:205)
	at org.thymeleaf.engine.Model.process(Model.java:282)
	at org.thymeleaf.engine.Model.process(Model.java:290)
	at org.thymeleaf.engine.GatheringModelProcessable.process(GatheringModelProcessable.java:78)
	at org.thymeleaf.engine.ProcessorTemplateHandler.handleCloseElement(ProcessorTemplateHandler.java:1640)
	at org.thymeleaf.engine.TemplateHandlerAdapterMarkupHandler.handleCloseElementEnd(TemplateHandlerAdapterMarkupHandler.java:388)
	at org.thymeleaf.templateparser.markup.InlinedOutputExpressionMarkupHandler$InlineMarkupAdapterPreProcessorHandler.handleCloseElementEnd(InlinedOutputExpressionMarkupHandler.java:322)
	at org.thymeleaf.standard.inline.OutputExpressionInlinePreProcessorHandler.handleCloseElementEnd(OutputExpressionInlinePreProcessorHandler.java:220)
	at org.thymeleaf.templateparser.markup.InlinedOutputExpressionMarkupHandler.handleCloseElementEnd(InlinedOutputExpressionMarkupHandler.java:164)
	at org.attoparser.HtmlElement.handleCloseElementEnd(HtmlElement.java:169)
	at org.attoparser.HtmlMarkupHandler.handleCloseElementEnd(HtmlMarkupHandler.java:412)
	at org.attoparser.MarkupEventProcessorHandler.handleCloseElementEnd(MarkupEventProcessorHandler.java:473)
	at org.attoparser.ParsingElementMarkupUtil.parseCloseElement(ParsingElementMarkupUtil.java:201)
	at org.attoparser.MarkupParser.parseBuffer(MarkupParser.java:725)
	at org.attoparser.MarkupParser.parseDocument(MarkupParser.java:301)
	at org.attoparser.MarkupParser.parse(MarkupParser.java:257)
	at org.thymeleaf.templateparser.markup.AbstractMarkupTemplateParser.parse(AbstractMarkupTemplateParser.java:230)
	at org.thymeleaf.templateparser.markup.AbstractMarkupTemplateParser.parseStandalone(AbstractMarkupTemplateParser.java:100)
	at org.thymeleaf.engine.TemplateManager.parseAndProcess(TemplateManager.java:666)
	at org.thymeleaf.TemplateEngine.process(TemplateEngine.java:1103)
	at org.thymeleaf.TemplateEngine.process(TemplateEngine.java:1077)
	at org.thymeleaf.spring6.view.ThymeleafView.renderFragment(ThymeleafView.java:372)
	at org.thymeleaf.spring6.view.ThymeleafView.render(ThymeleafView.java:192)
	at org.springframework.web.servlet.DispatcherServlet.render(DispatcherServlet.java:1415)
	at org.springframework.web.servlet.DispatcherServlet.processDispatchResult(DispatcherServlet.java:1159)
	at org.springframework.web.servlet.DispatcherServlet.doDispatch(DispatcherServlet.java:1098)
	at org.springframework.web.servlet.DispatcherServlet.doService(DispatcherServlet.java:974)
	at org.springframework.web.servlet.FrameworkServlet.processRequest(FrameworkServlet.java:1011)
	at org.springframework.web.servlet.FrameworkServlet.doGet(FrameworkServlet.java:903)
	at jakarta.servlet.http.HttpServlet.service(HttpServlet.java:564)
	at org.springframework.web.servlet.FrameworkServlet.service(FrameworkServlet.java:885)
	at jakarta.servlet.http.HttpServlet.service(HttpServlet.java:658)
	at org.apache.catalina.core.ApplicationFilterChain.internalDoFilter(ApplicationFilterChain.java:205)
	at org.apache.catalina.core.ApplicationFilterChain.doFilter(ApplicationFilterChain.java:149)
	at org.apache.tomcat.websocket.server.WsFilter.doFilter(WsFilter.java:51)
	at org.apache.catalina.core.ApplicationFilterChain.internalDoFilter(ApplicationFilterChain.java:174)
	at org.apache.catalina.core.ApplicationFilterChain.doFilter(ApplicationFilterChain.java:149)
	at org.springframework.web.filter.RequestContextFilter.doFilterInternal(RequestContextFilter.java:100)
	at org.springframework.web.filter.OncePerRequestFilter.doFilter(OncePerRequestFilter.java:116)
	at org.apache.catalina.core.ApplicationFilterChain.internalDoFilter(ApplicationFilterChain.java:174)
	at org.apache.catalina.core.ApplicationFilterChain.doFilter(ApplicationFilterChain.java:149)
	at org.springframework.web.filter.FormContentFilter.doFilterInternal(FormContentFilter.java:93)
	at org.springframework.web.filter.OncePerRequestFilter.doFilter(OncePerRequestFilter.java:116)
	at org.apache.catalina.core.ApplicationFilterChain.internalDoFilter(ApplicationFilterChain.java:174)
	at org.apache.catalina.core.ApplicationFilterChain.doFilter(ApplicationFilterChain.java:149)
	at org.springframework.web.filter.CharacterEncodingFilter.doFilterInternal(CharacterEncodingFilter.java:201)
	at org.springframework.web.filter.OncePerRequestFilter.doFilter(OncePerRequestFilter.java:116)
	at org.apache.catalina.core.ApplicationFilterChain.internalDoFilter(ApplicationFilterChain.java:174)
	at org.apache.catalina.core.ApplicationFilterChain.doFilter(ApplicationFilterChain.java:149)
	at org.apache.catalina.core.StandardWrapperValve.invoke(StandardWrapperValve.java:166)
	at org.apache.catalina.core.StandardContextValve.invoke(StandardContextValve.java:90)
	at org.apache.catalina.authenticator.AuthenticatorBase.invoke(AuthenticatorBase.java:482)
	at org.apache.catalina.core.StandardHostValve.invoke(StandardHostValve.java:115)
	at org.apache.catalina.valves.ErrorReportValve.invoke(ErrorReportValve.java:93)
	at org.apache.catalina.core.StandardEngineValve.invoke(StandardEngineValve.java:74)
	at org.apache.catalina.connector.CoyoteAdapter.service(CoyoteAdapter.java:341)
	at org.apache.coyote.http11.Http11Processor.service(Http11Processor.java:390)
	at org.apache.coyote.AbstractProcessorLight.process(AbstractProcessorLight.java:63)
	at org.apache.coyote.AbstractProtocol$ConnectionHandler.process(AbstractProtocol.java:894)
	at org.apache.tomcat.util.net.NioEndpoint$SocketProcessor.doRun(NioEndpoint.java:1741)
	at org.apache.tomcat.util.net.SocketProcessorBase.run(SocketProcessorBase.java:52)
	at org.apache.tomcat.util.threads.ThreadPoolExecutor.runWorker(ThreadPoolExecutor.java:1191)
	at org.apache.tomcat.util.threads.ThreadPoolExecutor$Worker.run(ThreadPoolExecutor.java:659)
	at org.apache.tomcat.util.threads.TaskThread$WrappingRunnable.run(TaskThread.java:61)
	at java.base/java.lang.Thread.run(Thread.java:833)
2023-06-20 15:40:35.716 [http-nio-9993-exec-8] DEBUG mini.test.common.web.HomeController:15 - hello
2023-06-20 15:41:33.162 [http-nio-9993-exec-1] DEBUG mini.test.common.web.HomeController:15 - hello
2023-06-20 15:41:33.961 [http-nio-9993-exec-9] DEBUG mini.test.common.web.HomeController:15 - hello
2023-06-20 15:45:47.935 [http-nio-9993-exec-10] DEBUG mini.test.common.web.HomeController:15 - hello
2023-06-20 15:48:20.582 [http-nio-9993-exec-6] DEBUG mini.test.common.web.HomeController:15 - hello
2023-06-20 15:48:59.120 [http-nio-9993-exec-8] DEBUG mini.test.common.web.HomeController:15 - hello
2023-06-20 15:54:08.402 [http-nio-9993-exec-6] DEBUG mini.test.common.web.HomeController:15 - hello
2023-06-20 15:55:39.411 [http-nio-9993-exec-5] DEBUG mini.test.common.web.HomeController:15 - hello
2023-06-20 15:56:19.857 [http-nio-9993-exec-6] DEBUG mini.test.common.web.HomeController:15 - hello
2023-06-20 15:57:24.971 [http-nio-9993-exec-2] DEBUG mini.test.common.web.HomeController:15 - hello
2023-06-20 15:57:25.575 [http-nio-9993-exec-4] DEBUG mini.test.common.web.HomeController:15 - hello
2023-06-20 15:57:31.689 [http-nio-9993-exec-6] DEBUG mini.test.common.web.HomeController:15 - hello
2023-06-20 15:58:05.122 [http-nio-9993-exec-5] DEBUG mini.test.common.web.HomeController:15 - hello
2023-06-20 15:58:12.920 [http-nio-9993-exec-1] DEBUG mini.test.common.web.HomeController:15 - hello
2023-06-20 15:59:06.709 [http-nio-9993-exec-2] DEBUG mini.test.common.web.HomeController:15 - hello
2023-06-20 15:59:15.231 [http-nio-9993-exec-3] DEBUG mini.test.common.web.HomeController:15 - hello
2023-06-20 15:59:32.123 [http-nio-9993-exec-8] DEBUG mini.test.common.web.HomeController:15 - hello
2023-06-20 15:59:43.002 [http-nio-9993-exec-10] DEBUG mini.test.common.web.HomeController:15 - hello
2023-06-20 15:59:51.220 [http-nio-9993-exec-5] DEBUG mini.test.common.web.HomeController:15 - hello
2023-06-20 15:59:51.920 [http-nio-9993-exec-2] DEBUG mini.test.common.web.HomeController:15 - hello
2023-06-20 16:00:00.587 [http-nio-9993-exec-9] DEBUG mini.test.common.web.HomeController:15 - hello
2023-06-20 16:00:01.190 [http-nio-9993-exec-1] DEBUG mini.test.common.web.HomeController:15 - hello
2023-06-20 16:00:07.095 [http-nio-9993-exec-7] DEBUG mini.test.common.web.HomeController:15 - hello
2023-06-20 16:02:09.444 [http-nio-9993-exec-6] DEBUG mini.test.common.web.HomeController:15 - hello
2023-06-20 16:12:57.318 [http-nio-9993-exec-4] DEBUG mini.test.common.web.HomeController:15 - hello
2023-06-20 16:18:08.936 [restartedMain] INFO  mini.test.MiniTestApplication:51 - Starting MiniTestApplication using Java 17.0.7 with PID 18392 (C:\workspace\mini_test_version2\bin\main started by 82103 in C:\workspace\mini_test_version2)
2023-06-20 16:18:08.937 [restartedMain] DEBUG mini.test.MiniTestApplication:52 - Running with Spring Boot v3.0.7, Spring v6.0.9
2023-06-20 16:18:08.937 [restartedMain] INFO  mini.test.MiniTestApplication:632 - No active profile set, falling back to 1 default profile: "default"
2023-06-20 16:18:09.196 [restartedMain] INFO  mini.test.MiniTestApplication:57 - Started MiniTestApplication in 0.278 seconds (process running for 18401.837)
2023-06-20 16:18:14.817 [restartedMain] INFO  mini.test.MiniTestApplication:51 - Starting MiniTestApplication using Java 17.0.7 with PID 18392 (C:\workspace\mini_test_version2\bin\main started by 82103 in C:\workspace\mini_test_version2)
2023-06-20 16:18:14.817 [restartedMain] DEBUG mini.test.MiniTestApplication:52 - Running with Spring Boot v3.0.7, Spring v6.0.9
2023-06-20 16:18:14.818 [restartedMain] INFO  mini.test.MiniTestApplication:632 - No active profile set, falling back to 1 default profile: "default"
2023-06-20 16:18:15.042 [restartedMain] INFO  mini.test.MiniTestApplication:57 - Started MiniTestApplication in 0.241 seconds (process running for 18407.683)
2023-06-20 16:18:41.284 [restartedMain] INFO  mini.test.MiniTestApplication:51 - Starting MiniTestApplication using Java 17.0.7 with PID 18392 (C:\workspace\mini_test_version2\bin\main started by 82103 in C:\workspace\mini_test_version2)
2023-06-20 16:18:41.284 [restartedMain] DEBUG mini.test.MiniTestApplication:52 - Running with Spring Boot v3.0.7, Spring v6.0.9
2023-06-20 16:18:41.284 [restartedMain] INFO  mini.test.MiniTestApplication:632 - No active profile set, falling back to 1 default profile: "default"
2023-06-20 16:18:41.522 [restartedMain] INFO  mini.test.MiniTestApplication:57 - Started MiniTestApplication in 0.251 seconds (process running for 18434.163)
2023-06-20 16:18:45.126 [restartedMain] INFO  mini.test.MiniTestApplication:51 - Starting MiniTestApplication using Java 17.0.7 with PID 18392 (C:\workspace\mini_test_version2\bin\main started by 82103 in C:\workspace\mini_test_version2)
2023-06-20 16:18:45.126 [restartedMain] DEBUG mini.test.MiniTestApplication:52 - Running with Spring Boot v3.0.7, Spring v6.0.9
2023-06-20 16:18:45.126 [restartedMain] INFO  mini.test.MiniTestApplication:632 - No active profile set, falling back to 1 default profile: "default"
2023-06-20 16:18:45.340 [restartedMain] INFO  mini.test.MiniTestApplication:57 - Started MiniTestApplication in 0.23 seconds (process running for 18437.982)
2023-06-20 16:18:59.254 [restartedMain] INFO  mini.test.MiniTestApplication:51 - Starting MiniTestApplication using Java 17.0.7 with PID 18392 (C:\workspace\mini_test_version2\bin\main started by 82103 in C:\workspace\mini_test_version2)
2023-06-20 16:18:59.254 [restartedMain] DEBUG mini.test.MiniTestApplication:52 - Running with Spring Boot v3.0.7, Spring v6.0.9
2023-06-20 16:18:59.254 [restartedMain] INFO  mini.test.MiniTestApplication:632 - No active profile set, falling back to 1 default profile: "default"
2023-06-20 16:18:59.467 [restartedMain] INFO  mini.test.MiniTestApplication:57 - Started MiniTestApplication in 0.227 seconds (process running for 18452.108)
2023-06-20 17:20:06.614 [restartedMain] INFO  mini.test.MiniTestApplication:51 - Starting MiniTestApplication using Java 17.0.7 with PID 24176 (C:\workspace\mini_test_version3\bin\main started by 82103 in C:\workspace\mini_test_version3)
2023-06-20 17:20:06.616 [restartedMain] DEBUG mini.test.MiniTestApplication:52 - Running with Spring Boot v3.0.7, Spring v6.0.9
2023-06-20 17:20:06.616 [restartedMain] INFO  mini.test.MiniTestApplication:632 - No active profile set, falling back to 1 default profile: "default"
2023-06-20 17:20:08.744 [restartedMain] INFO  mini.test.MiniTestApplication:57 - Started MiniTestApplication in 2.406 seconds (process running for 2.864)
2023-06-20 17:21:06.055 [http-nio-9993-exec-5] DEBUG mini.test.common.web.HomeController:15 - hello
2023-06-20 17:24:27.099 [restartedMain] INFO  mini.test.MiniTestApplication:51 - Starting MiniTestApplication using Java 17.0.7 with PID 24176 (C:\workspace\mini_test_version3\bin\main started by 82103 in C:\workspace\mini_test_version3)
2023-06-20 17:24:27.100 [restartedMain] DEBUG mini.test.MiniTestApplication:52 - Running with Spring Boot v3.0.7, Spring v6.0.9
2023-06-20 17:24:27.100 [restartedMain] INFO  mini.test.MiniTestApplication:632 - No active profile set, falling back to 1 default profile: "default"
2023-06-20 17:24:27.376 [restartedMain] INFO  mini.test.MiniTestApplication:57 - Started MiniTestApplication in 0.304 seconds (process running for 261.496)
2023-06-20 17:24:28.885 [restartedMain] INFO  mini.test.MiniTestApplication:51 - Starting MiniTestApplication using Java 17.0.7 with PID 24176 (C:\workspace\mini_test_version3\bin\main started by 82103 in C:\workspace\mini_test_version3)
2023-06-20 17:24:28.885 [restartedMain] DEBUG mini.test.MiniTestApplication:52 - Running with Spring Boot v3.0.7, Spring v6.0.9
2023-06-20 17:24:28.885 [restartedMain] INFO  mini.test.MiniTestApplication:632 - No active profile set, falling back to 1 default profile: "default"
2023-06-20 17:24:29.122 [restartedMain] INFO  mini.test.MiniTestApplication:57 - Started MiniTestApplication in 0.254 seconds (process running for 263.241)
2023-06-20 17:42:57.699 [restartedMain] INFO  mini.test.MiniTestApplication:51 - Starting MiniTestApplication using Java 17.0.7 with PID 24176 (C:\workspace\mini_test_version3\bin\main started by 82103 in C:\workspace\mini_test_version3)
2023-06-20 17:42:57.700 [restartedMain] DEBUG mini.test.MiniTestApplication:52 - Running with Spring Boot v3.0.7, Spring v6.0.9
2023-06-20 17:42:57.700 [restartedMain] INFO  mini.test.MiniTestApplication:632 - No active profile set, falling back to 1 default profile: "default"
2023-06-20 17:42:58.016 [restartedMain] INFO  mini.test.MiniTestApplication:57 - Started MiniTestApplication in 0.335 seconds (process running for 1372.136)
2023-06-20 17:45:22.930 [restartedMain] INFO  mini.test.MiniTestApplication:51 - Starting MiniTestApplication using Java 17.0.7 with PID 24176 (C:\workspace\mini_test_version3\bin\main started by 82103 in C:\workspace\mini_test_version3)
2023-06-20 17:45:22.930 [restartedMain] DEBUG mini.test.MiniTestApplication:52 - Running with Spring Boot v3.0.7, Spring v6.0.9
2023-06-20 17:45:22.931 [restartedMain] INFO  mini.test.MiniTestApplication:632 - No active profile set, falling back to 1 default profile: "default"
2023-06-20 17:45:23.179 [restartedMain] INFO  mini.test.MiniTestApplication:57 - Started MiniTestApplication in 0.264 seconds (process running for 1517.298)
2023-06-20 17:52:34.177 [restartedMain] INFO  mini.test.MiniTestApplication:51 - Starting MiniTestApplication using Java 17.0.7 with PID 24176 (C:\workspace\mini_test_version3\bin\main started by 82103 in C:\workspace\mini_test_version3)
2023-06-20 17:52:34.178 [restartedMain] DEBUG mini.test.MiniTestApplication:52 - Running with Spring Boot v3.0.7, Spring v6.0.9
2023-06-20 17:52:34.178 [restartedMain] INFO  mini.test.MiniTestApplication:632 - No active profile set, falling back to 1 default profile: "default"
2023-06-20 17:52:34.407 [restartedMain] INFO  mini.test.MiniTestApplication:57 - Started MiniTestApplication in 0.246 seconds (process running for 1948.527)
2023-06-20 17:52:57.611 [restartedMain] INFO  mini.test.MiniTestApplication:51 - Starting MiniTestApplication using Java 17.0.7 with PID 24176 (C:\workspace\mini_test_version3\bin\main started by 82103 in C:\workspace\mini_test_version3)
2023-06-20 17:52:57.611 [restartedMain] DEBUG mini.test.MiniTestApplication:52 - Running with Spring Boot v3.0.7, Spring v6.0.9
2023-06-20 17:52:57.612 [restartedMain] INFO  mini.test.MiniTestApplication:632 - No active profile set, falling back to 1 default profile: "default"
2023-06-20 17:52:57.858 [restartedMain] INFO  mini.test.MiniTestApplication:57 - Started MiniTestApplication in 0.265 seconds (process running for 1971.978)
2023-06-20 17:59:37.828 [restartedMain] INFO  mini.test.MiniTestApplication:51 - Starting MiniTestApplication using Java 17.0.7 with PID 24176 (C:\workspace\mini_test_version3\bin\main started by 82103 in C:\workspace\mini_test_version3)
2023-06-20 17:59:37.829 [restartedMain] DEBUG mini.test.MiniTestApplication:52 - Running with Spring Boot v3.0.7, Spring v6.0.9
2023-06-20 17:59:37.829 [restartedMain] INFO  mini.test.MiniTestApplication:632 - No active profile set, falling back to 1 default profile: "default"
2023-06-20 17:59:38.316 [restartedMain] INFO  mini.test.MiniTestApplication:57 - Started MiniTestApplication in 0.521 seconds (process running for 2372.435)
2023-06-20 18:01:15.165 [restartedMain] INFO  mini.test.MiniTestApplication:51 - Starting MiniTestApplication using Java 17.0.7 with PID 24176 (C:\workspace\mini_test_version3\bin\main started by 82103 in C:\workspace\mini_test_version3)
2023-06-20 18:01:15.165 [restartedMain] DEBUG mini.test.MiniTestApplication:52 - Running with Spring Boot v3.0.7, Spring v6.0.9
2023-06-20 18:01:15.165 [restartedMain] INFO  mini.test.MiniTestApplication:632 - No active profile set, falling back to 1 default profile: "default"
2023-06-20 18:01:15.715 [restartedMain] INFO  mini.test.MiniTestApplication:57 - Started MiniTestApplication in 0.579 seconds (process running for 2469.834)
2023-06-20 18:08:38.093 [restartedMain] INFO  mini.test.MiniTestApplication:51 - Starting MiniTestApplication using Java 17.0.7 with PID 24176 (C:\workspace\mini_test_version3\bin\main started by 82103 in C:\workspace\mini_test_version3)
2023-06-20 18:08:38.094 [restartedMain] DEBUG mini.test.MiniTestApplication:52 - Running with Spring Boot v3.0.7, Spring v6.0.9
2023-06-20 18:08:38.094 [restartedMain] INFO  mini.test.MiniTestApplication:632 - No active profile set, falling back to 1 default profile: "default"
2023-06-20 18:08:38.595 [restartedMain] INFO  mini.test.MiniTestApplication:57 - Started MiniTestApplication in 0.532 seconds (process running for 2912.714)
2023-06-20 18:09:28.202 [restartedMain] INFO  mini.test.MiniTestApplication:51 - Starting MiniTestApplication using Java 17.0.7 with PID 24176 (C:\workspace\mini_test_version3\bin\main started by 82103 in C:\workspace\mini_test_version3)
2023-06-20 18:09:28.204 [restartedMain] DEBUG mini.test.MiniTestApplication:52 - Running with Spring Boot v3.0.7, Spring v6.0.9
2023-06-20 18:09:28.204 [restartedMain] INFO  mini.test.MiniTestApplication:632 - No active profile set, falling back to 1 default profile: "default"
2023-06-20 18:09:28.649 [restartedMain] INFO  mini.test.MiniTestApplication:57 - Started MiniTestApplication in 0.479 seconds (process running for 2962.769)
2023-06-20 18:10:04.243 [restartedMain] INFO  mini.test.MiniTestApplication:51 - Starting MiniTestApplication using Java 17.0.7 with PID 24176 (C:\workspace\mini_test_version3\bin\main started by 82103 in C:\workspace\mini_test_version3)
2023-06-20 18:10:04.245 [restartedMain] DEBUG mini.test.MiniTestApplication:52 - Running with Spring Boot v3.0.7, Spring v6.0.9
2023-06-20 18:10:04.245 [restartedMain] INFO  mini.test.MiniTestApplication:632 - No active profile set, falling back to 1 default profile: "default"
2023-06-20 18:10:04.729 [restartedMain] INFO  mini.test.MiniTestApplication:57 - Started MiniTestApplication in 0.527 seconds (process running for 2998.848)
2023-06-20 18:14:41.143 [restartedMain] INFO  mini.test.MiniTestApplication:51 - Starting MiniTestApplication using Java 17.0.7 with PID 24176 (C:\workspace\mini_test_version3\bin\main started by 82103 in C:\workspace\mini_test_version3)
2023-06-20 18:14:41.143 [restartedMain] DEBUG mini.test.MiniTestApplication:52 - Running with Spring Boot v3.0.7, Spring v6.0.9
2023-06-20 18:14:41.143 [restartedMain] INFO  mini.test.MiniTestApplication:632 - No active profile set, falling back to 1 default profile: "default"
2023-06-20 18:14:41.657 [restartedMain] INFO  mini.test.MiniTestApplication:57 - Started MiniTestApplication in 0.542 seconds (process running for 3275.777)
2023-06-20 18:16:22.484 [restartedMain] INFO  mini.test.MiniTestApplication:51 - Starting MiniTestApplication using Java 17.0.7 with PID 24176 (C:\workspace\mini_test_version3\bin\main started by 82103 in C:\workspace\mini_test_version3)
2023-06-20 18:16:22.485 [restartedMain] DEBUG mini.test.MiniTestApplication:52 - Running with Spring Boot v3.0.7, Spring v6.0.9
2023-06-20 18:16:22.485 [restartedMain] INFO  mini.test.MiniTestApplication:632 - No active profile set, falling back to 1 default profile: "default"
2023-06-20 18:16:22.944 [restartedMain] INFO  mini.test.MiniTestApplication:57 - Started MiniTestApplication in 0.488 seconds (process running for 3377.063)
2023-06-20 18:17:34.800 [restartedMain] INFO  mini.test.MiniTestApplication:51 - Starting MiniTestApplication using Java 17.0.7 with PID 25768 (C:\workspace\mini_test_version3\bin\main started by 82103 in C:\workspace\mini_test_version3)
2023-06-20 18:17:34.803 [restartedMain] DEBUG mini.test.MiniTestApplication:52 - Running with Spring Boot v3.0.7, Spring v6.0.9
2023-06-20 18:17:34.804 [restartedMain] INFO  mini.test.MiniTestApplication:632 - No active profile set, falling back to 1 default profile: "default"
2023-06-20 18:17:38.175 [restartedMain] INFO  mini.test.MiniTestApplication:57 - Started MiniTestApplication in 3.896 seconds (process running for 4.782)
2023-06-20 18:18:14.071 [restartedMain] INFO  mini.test.MiniTestApplication:51 - Starting MiniTestApplication using Java 17.0.7 with PID 25768 (C:\workspace\mini_test_version3\bin\main started by 82103 in C:\workspace\mini_test_version3)
2023-06-20 18:18:14.072 [restartedMain] DEBUG mini.test.MiniTestApplication:52 - Running with Spring Boot v3.0.7, Spring v6.0.9
2023-06-20 18:18:14.073 [restartedMain] INFO  mini.test.MiniTestApplication:632 - No active profile set, falling back to 1 default profile: "default"
2023-06-20 18:18:14.648 [restartedMain] INFO  mini.test.MiniTestApplication:57 - Started MiniTestApplication in 0.618 seconds (process running for 41.255)
2023-06-20 18:18:53.153 [restartedMain] INFO  mini.test.MiniTestApplication:51 - Starting MiniTestApplication using Java 17.0.7 with PID 25768 (C:\workspace\mini_test_version3\bin\main started by 82103 in C:\workspace\mini_test_version3)
2023-06-20 18:18:53.154 [restartedMain] DEBUG mini.test.MiniTestApplication:52 - Running with Spring Boot v3.0.7, Spring v6.0.9
2023-06-20 18:18:53.155 [restartedMain] INFO  mini.test.MiniTestApplication:632 - No active profile set, falling back to 1 default profile: "default"
2023-06-20 18:18:53.662 [restartedMain] INFO  mini.test.MiniTestApplication:57 - Started MiniTestApplication in 0.56 seconds (process running for 80.27)
2023-06-20 18:20:13.782 [restartedMain] INFO  mini.test.MiniTestApplication:51 - Starting MiniTestApplication using Java 17.0.7 with PID 25768 (C:\workspace\mini_test_version3\bin\main started by 82103 in C:\workspace\mini_test_version3)
2023-06-20 18:20:13.783 [restartedMain] DEBUG mini.test.MiniTestApplication:52 - Running with Spring Boot v3.0.7, Spring v6.0.9
2023-06-20 18:20:13.783 [restartedMain] INFO  mini.test.MiniTestApplication:632 - No active profile set, falling back to 1 default profile: "default"
2023-06-20 18:20:14.325 [restartedMain] INFO  mini.test.MiniTestApplication:57 - Started MiniTestApplication in 0.579 seconds (process running for 160.932)
2023-06-20 18:24:48.068 [http-nio-9993-exec-5] DEBUG mini.test.common.web.HomeController:15 - hello
2023-06-20 18:28:38.381 [restartedMain] INFO  mini.test.MiniTestApplication:51 - Starting MiniTestApplication using Java 17.0.7 with PID 25768 (C:\workspace\mini_test_version3\bin\main started by 82103 in C:\workspace\mini_test_version3)
2023-06-20 18:28:38.382 [restartedMain] DEBUG mini.test.MiniTestApplication:52 - Running with Spring Boot v3.0.7, Spring v6.0.9
2023-06-20 18:28:38.382 [restartedMain] INFO  mini.test.MiniTestApplication:632 - No active profile set, falling back to 1 default profile: "default"
2023-06-20 18:28:38.918 [restartedMain] INFO  mini.test.MiniTestApplication:57 - Started MiniTestApplication in 0.57 seconds (process running for 665.525)
2023-06-20 18:33:27.585 [restartedMain] INFO  mini.test.MiniTestApplication:51 - Starting MiniTestApplication using Java 17.0.7 with PID 25768 (C:\workspace\mini_test_version3\bin\main started by 82103 in C:\workspace\mini_test_version3)
2023-06-20 18:33:27.586 [restartedMain] DEBUG mini.test.MiniTestApplication:52 - Running with Spring Boot v3.0.7, Spring v6.0.9
2023-06-20 18:33:27.587 [restartedMain] INFO  mini.test.MiniTestApplication:632 - No active profile set, falling back to 1 default profile: "default"
2023-06-20 18:33:28.105 [restartedMain] INFO  mini.test.MiniTestApplication:57 - Started MiniTestApplication in 0.552 seconds (process running for 954.713)
